d:\arnold shaders\vc++_projects\hnskin\hnskinproject\x64\debug\vc120.pdb
d:\arnold shaders\vc++_projects\hnskin\hnskinproject\x64\debug\vc120.idb
d:\arnold shaders\vc++_projects\hnskin\hnskinproject\x64\debug\alutil.obj
d:\arnold shaders\vc++_projects\hnskin\hnskinproject\x64\debug\hnskin.obj
d:\arnold shaders\vc++_projects\hnskin\hnskinproject\x64\debug\hnskin.lib
d:\arnold shaders\vc++_projects\hnskin\hnskinproject\x64\debug\hnskin.exp
d:\arnold shaders\shaders\dlls\hnskin.lib
d:\arnold shaders\shaders\dlls\hnskin.exp
d:\arnold shaders\shaders\dlls\hnskin.ilk
d:\arnold shaders\shaders\dlls\hnskin.dll
d:\arnold shaders\shaders\dlls\hnskin.pdb
d:\arnold shaders\vc++_projects\hnskin\hnskinproject\x64\debug\hnskin.ilk
d:\arnold shaders\vc++_projects\hnskin\hnskinproject\x64\debug\hnskin.pdb
d:\arnold shaders\vc++_projects\hnskin\hnskinproject\x64\debug\hnskin.tlog\cl.command.1.tlog
d:\arnold shaders\vc++_projects\hnskin\hnskinproject\x64\debug\hnskin.tlog\cl.read.1.tlog
d:\arnold shaders\vc++_projects\hnskin\hnskinproject\x64\debug\hnskin.tlog\cl.write.1.tlog
d:\arnold shaders\vc++_projects\hnskin\hnskinproject\x64\debug\hnskin.tlog\hnskin.write.1u.tlog
d:\arnold shaders\vc++_projects\hnskin\hnskinproject\x64\debug\hnskin.tlog\link.command.1.tlog
d:\arnold shaders\vc++_projects\hnskin\hnskinproject\x64\debug\hnskin.tlog\link.read.1.tlog
d:\arnold shaders\vc++_projects\hnskin\hnskinproject\x64\debug\hnskin.tlog\link.write.1.tlog
